Build started 3/31/2017 7:36:24 PM.
     1>Project "C:\Users\Bryce\Documents\Visual Studio 2015\Projects\UnsignedEngine\UnsignedEngine\UnsignedEngine.vcxproj" on node 2 (Build target(s)).
     1>ClCompile:
         C:\Program Files (x86)\Microsoft Visual Studio 14.0\VC\bin\CL.exe /c /ZI /nologo /W3 /WX- /sdl /Od /Oy- /D WIN32 /D _DEBUG /D _CONSOLE /D _UNICODE /D UNICODE /Gm /EHsc /RTC1 /MDd /GS /fp:precise /Zc:wchar_t /Zc:forScope /Zc:inline /Yu"stdafx.h" /Fp"Debug\UnsignedEngine.pch" /Fo"Debug\\" /Fd"Debug\vc140.pdb" /Gd /TP /analyze- /errorReport:prompt UnsignedEngine.cpp
         UnsignedEngine.cpp
     1>c:\users\bryce\documents\visual studio 2015\projects\unsignedengine\unsignedengine\unsignedengine.cpp(2): warning C4627: '#include "Processes.h"': skipped when looking for precompiled header use
         c:\users\bryce\documents\visual studio 2015\projects\unsignedengine\unsignedengine\unsignedengine.cpp(2): note: Add directive to 'stdafx.h' or rebuild precompiled header
     1>c:\users\bryce\documents\visual studio 2015\projects\unsignedengine\unsignedengine\processes.h(177): warning C4101: 'buffer': unreferenced local variable
     1>c:\users\bryce\documents\visual studio 2015\projects\unsignedengine\unsignedengine\leaguevalues.h(71): warning C4091: 'static ': ignored on left of 'LeagueValues' when no variable is declared
     1>c:\users\bryce\documents\visual studio 2015\projects\unsignedengine\unsignedengine\leaguevalues.h(17): warning C4477: 'printf' : format string '%s' requires an argument of type 'char *', but variadic argument 1 has type 'std::string'
     1>c:\users\bryce\documents\visual studio 2015\projects\unsignedengine\unsignedengine\leaguevalues.h(24): warning C4244: 'return': conversion from 'float' to 'const int', possible loss of data
     1>c:\users\bryce\documents\visual studio 2015\projects\unsignedengine\unsignedengine\leaguevalues.h(29): warning C4244: 'return': conversion from 'float' to 'const int', possible loss of data
     1>c:\users\bryce\documents\visual studio 2015\projects\unsignedengine\unsignedengine\leaguevalues.h(34): warning C4244: 'return': conversion from 'float' to 'const int', possible loss of data
     1>c:\users\bryce\documents\visual studio 2015\projects\unsignedengine\unsignedengine\leaguevalues.h(39): warning C4244: 'return': conversion from 'float' to 'const int', possible loss of data
     1>c:\users\bryce\documents\visual studio 2015\projects\unsignedengine\unsignedengine\leaguevalues.h(44): warning C4244: 'return': conversion from 'float' to 'const int', possible loss of data
     1>c:\program files (x86)\windows kits\8.1\include\um\dbghelp.h(1544): warning C4091: 'typedef ': ignored on left of '' when no variable is declared
     1>c:\program files (x86)\windows kits\8.1\include\um\dbghelp.h(3190): warning C4091: 'typedef ': ignored on left of '' when no variable is declared
     1>c:\users\bryce\documents\visual studio 2015\projects\unsignedengine\unsignedengine\polyhook.hpp(165): warning C4244: 'argument': conversion from 'int_fast64_t' to 'uintptr_t', possible loss of data
     1>c:\users\bryce\documents\visual studio 2015\projects\unsignedengine\unsignedengine\polyhook.hpp(199): warning C4133: '-': incompatible types - from 'void *' to 'uint8_t *'
     1>c:\users\bryce\documents\visual studio 2015\projects\unsignedengine\unsignedengine\polyhook.hpp(866): warning C4018: '<': signed/unsigned mismatch
     1>c:\users\bryce\documents\visual studio 2015\projects\unsignedengine\unsignedengine\polyhook.hpp(932): warning C4244: 'initializing': conversion from 'uint64_t' to 'uintptr_t', possible loss of data
     1>c:\users\bryce\documents\visual studio 2015\projects\unsignedengine\unsignedengine\polyhook.hpp(934): warning C4244: 'argument': conversion from 'uint64_t' to 'uintptr_t', possible loss of data
     1>c:\users\bryce\documents\visual studio 2015\projects\unsignedengine\unsignedengine\polyhook.hpp(940): warning C4244: 'initializing': conversion from 'uint64_t' to 'uintptr_t', possible loss of data
     1>c:\users\bryce\documents\visual studio 2015\projects\unsignedengine\unsignedengine\polyhook.hpp(942): warning C4244: 'argument': conversion from 'uint64_t' to 'uintptr_t', possible loss of data
     1>c:\users\bryce\documents\visual studio 2015\projects\unsignedengine\unsignedengine\polyhook.hpp(948): warning C4244: 'initializing': conversion from 'uint64_t' to 'uintptr_t', possible loss of data
     1>c:\users\bryce\documents\visual studio 2015\projects\unsignedengine\unsignedengine\polyhook.hpp(950): warning C4244: 'argument': conversion from 'uint64_t' to 'uintptr_t', possible loss of data
     1>c:\users\bryce\documents\visual studio 2015\projects\unsignedengine\unsignedengine\polyhook.hpp(1744): warning C4800: 'BOOL': forcing value to bool 'true' or 'false' (performance warning)
     1>c:\users\bryce\documents\visual studio 2015\projects\unsignedengine\unsignedengine\unsignedengine.cpp(27): warning C4715: 'TryInject': not all control paths return a value
       Link:
         C:\Program Files (x86)\Microsoft Visual Studio 14.0\VC\bin\link.exe /ERRORREPORT:PROMPT /OUT:"C:\Users\Bryce\Documents\Visual Studio 2015\Projects\UnsignedEngine\Debug\UnsignedEngine.exe" /INCREMENTAL /NOLOGO detours.lib kernel32.lib user32.lib gdi32.lib winspool.lib comdlg32.lib advapi32.lib shell32.lib ole32.lib oleaut32.lib uuid.lib odbc32.lib odbccp32.lib /MANIFEST /MANIFESTUAC:"level='asInvoker' uiAccess='false'" /manifest:embed /Debug /PDB:"C:\Users\Bryce\Documents\Visual Studio 2015\Projects\UnsignedEngine\Debug\UnsignedEngine.pdb" /SUBSYSTEM:CONSOLE /TLBID:1 /DYNAMICBASE /NXCOMPAT /IMPLIB:"C:\Users\Bryce\Documents\Visual Studio 2015\Projects\UnsignedEngine\Debug\UnsignedEngine.lib" /MACHINE:X86 Debug\LeagueValues.obj
         Debug\Offsets.obj
         Debug\Processes.obj
         Debug\stdafx.obj
         Debug\UnsignedEngine.obj
         UnsignedEngine.vcxproj -> C:\Users\Bryce\Documents\Visual Studio 2015\Projects\UnsignedEngine\Debug\UnsignedEngine.exe
     1>Done Building Project "C:\Users\Bryce\Documents\Visual Studio 2015\Projects\UnsignedEngine\UnsignedEngine\UnsignedEngine.vcxproj" (Build target(s)).

Build succeeded.

Time Elapsed 00:00:02.48
